pi/.cache
.config
pi/.local
pi/.cpan
.git
.bash_history
.cache
.dropbox-dist
.local
.mozilla
Dropbox
.dropbox
.thunderbird
*/Backup/*
*/.config/
*/.local/share/Trash/
*/.cache/
*/.dropbox/
*/.dropbox-dist/
*/.thunderbird/
*/Dropbox/
*/.mozilla/
*/.cache/*
/home/michael/Backup
*/.local/
*/Script/.git
*/.git
*/.gnome2*
*/william/Pictures/Michaels Pictures/*
.bash_history
.Trash-1000
*/VirtualBox*/*
*/.ICEauthority
*/.gconf/apps/aisleriot/*
*/.ssh/*
*/.vnc/*
*/.themes/*
*/.pki/*
*/.gnupg/*
*/.nano/*
*/python_games/*
*/.cpan/*
dead.letter
#recycle
